0 info it worked if it ends with ok
1 verbose cli [ 'D:\\Program Files\\nodejs\\node.exe',
1 verbose cli   'D:\\Program Files\\nodejs\\node_modules\\npm\\bin\\npm-cli.js',
1 verbose cli   'start' ]
2 info using npm@3.10.10
3 info using node@v6.10.3
4 verbose run-script [ 'prestart', 'start', 'poststart' ]
5 info lifecycle news_app@0.1.0~prestart: news_app@0.1.0
6 silly lifecycle news_app@0.1.0~prestart: no script for prestart, continuing
7 info lifecycle news_app@0.1.0~start: news_app@0.1.0
8 verbose lifecycle news_app@0.1.0~start: unsafe-perm in lifecycle true
9 verbose lifecycle news_app@0.1.0~start: PATH: D:\Program Files\nodejs\node_modules\npm\bin\node-gyp-bin;E:\随堂笔记\张晓飞老师&&项目\news_app_push\node_modules\.bin;C:\Windows\system32;C:\Windows;C:\Windows\System32\Wbem;C:\Windows\System32\WindowsPowerShell\v1.0\;C:\Program Files\Intel\WiFi\bin\;C:\Program Files\Common Files\Intel\WirelessCommon\;D:\Program Files (x86)\VisualSVN Server\bin;D:\Program Files\TortoiseSVN\bin;D:\Program Files\nodejs\;C:\Program Files\SlikSvn\bin;C:\Program Files\Intel\WiFi\bin\;C:\Program Files\Common Files\Intel\WirelessCommon\;D:\Microsoft VS Code\bin;C:\Users\Administrator\AppData\Roaming\npm;D:\Program Files\MongoDB\Server\3.2\bin
10 verbose lifecycle news_app@0.1.0~start: CWD: E:\随堂笔记\张晓飞老师&&项目\news_app_push
11 silly lifecycle news_app@0.1.0~start: Args: [ '/d /s /c', 'node scripts/start.js' ]
12 silly lifecycle news_app@0.1.0~start: Returned: code: 3221225786  signal: null
13 info lifecycle news_app@0.1.0~start: Failed to exec start script
14 verbose stack Error: news_app@0.1.0 start: `node scripts/start.js`
14 verbose stack Exit status 3221225786
14 verbose stack     at EventEmitter.<anonymous> (D:\Program Files\nodejs\node_modules\npm\lib\utils\lifecycle.js:255:16)
14 verbose stack     at emitTwo (events.js:106:13)
14 verbose stack     at EventEmitter.emit (events.js:191:7)
14 verbose stack     at ChildProcess.<anonymous> (D:\Program Files\nodejs\node_modules\npm\lib\utils\spawn.js:40:14)
14 verbose stack     at emitTwo (events.js:106:13)
14 verbose stack     at ChildProcess.emit (events.js:191:7)
14 verbose stack     at maybeClose (internal/child_process.js:886:16)
14 verbose stack     at Process.ChildProcess._handle.onexit (internal/child_process.js:226:5)
15 verbose pkgid news_app@0.1.0
16 verbose cwd E:\随堂笔记\张晓飞老师&&项目\news_app_push
17 error Windows_NT 6.1.7601
18 error argv "D:\\Program Files\\nodejs\\node.exe" "D:\\Program Files\\nodejs\\node_modules\\npm\\bin\\npm-cli.js" "start"
19 error node v6.10.3
20 error npm  v3.10.10
21 error code ELIFECYCLE
22 error news_app@0.1.0 start: `node scripts/start.js`
22 error Exit status 3221225786
23 error Failed at the news_app@0.1.0 start script 'node scripts/start.js'.
23 error Make sure you have the latest version of node.js and npm installed.
23 error If you do, this is most likely a problem with the news_app package,
23 error not with npm itself.
23 error Tell the author that this fails on your system:
23 error     node scripts/start.js
23 error You can get information on how to open an issue for this project with:
23 error     npm bugs news_app
23 error Or if that isn't available, you can get their info via:
23 error     npm owner ls news_app
23 error There is likely additional logging output above.
24 verbose exit [ 1, true ]
